2026-01-08 10:39:11 0 [Note] Starting MariaDB 10.4.32-MariaDB source revision c4143f909528e3fab0677a28631d10389354c491 as process 21488
2026-01-08 10:39:11 0 [Note] InnoDB: Mutexes and rw_locks use Windows interlocked functions
2026-01-08 10:39:11 0 [Note] InnoDB: Uses event mutexes
2026-01-08 10:39:11 0 [Note] InnoDB: Compressed tables use zlib 1.3
2026-01-08 10:39:11 0 [Note] InnoDB: Number of pools: 1
2026-01-08 10:39:11 0 [Note] InnoDB: Using SSE2 crc32 instructions
2026-01-08 10:39:11 0 [Note] InnoDB: Initializing buffer pool, total size = 128M, instances = 1, chunk size = 128M
2026-01-08 10:39:11 0 [Note] InnoDB: Completed initialization of buffer pool
2026-01-08 10:39:11 0 [Note] InnoDB: Starting crash recovery from checkpoint LSN=60943
2026-01-08 10:39:11 0 [Note] InnoDB: 128 out of 128 rollback segments are active.
2026-01-08 10:39:11 0 [Note] InnoDB: Removed temporary tablespace data file: "ibtmp1"
2026-01-08 10:39:11 0 [Note] InnoDB: Creating shared tablespace for temporary tables
2026-01-08 10:39:11 0 [Note] InnoDB: Setting file '.\ibtmp1' size to 12 MB. Physically writing the file full; Please wait ...
2026-01-08 10:39:11 0 [Note] InnoDB: File '.\ibtmp1' size is now 12 MB.
2026-01-08 10:39:11 0 [Note] InnoDB: Waiting for purge to start
2026-01-08 10:39:11 0 [Note] InnoDB: 10.4.32 started; log sequence number 60952; transaction id 20
2026-01-08 10:39:11 0 [Note] InnoDB: Loading buffer pool(s) from C:\xampp\htdocs\job\mysql_data\ib_buffer_pool
2026-01-08 10:39:11 0 [Note] Plugin 'FEEDBACK' is disabled.
2026-01-08 10:39:11 0 [ERROR] C:\xampp\mysql\bin\mysqld.exe: unknown option '--install'
2026-01-08 10:39:11 0 [ERROR] Aborting
2026-01-08 10:39:11 0 [Note] InnoDB: Buffer pool(s) load completed at 260108 10:39:11
